<?xml version="1.0" encoding="UTF-8"?>
<testsuite name="it.uniba.test.java.it.uniba.testCases.PieceTest.PawnTest" tests="1" skipped="0" failures="0" errors="0" timestamp="2020-05-26T17:11:10" hostname="I7-GIUSEPPE" time="0.032">
  <properties/>
  <testcase name="moveWhiteDiagonalTest()" classname="it.uniba.test.java.it.uniba.testCases.PieceTest.PawnTest" time="0.032"/>
  <system-out><![CDATA[]]></system-out>
  <system-err><![CDATA[]]></system-err>
</testsuite>
